[debug] [2025-08-09T19:03:22.097Z] ----------------------------------------------------------------------
[debug] [2025-08-09T19:03:22.101Z] Command:       C:\Program Files\nodejs\node.exe C:\Users\DELL\AppData\Roaming\npm\node_modules\firebase-tools\lib\bin\firebase.js init hosting
[debug] [2025-08-09T19:03:22.101Z] CLI Version:   14.12.0
[debug] [2025-08-09T19:03:22.101Z] Platform:      win32
[debug] [2025-08-09T19:03:22.101Z] Node Version:  v22.17.0
[debug] [2025-08-09T19:03:22.102Z] Time:          Sun Aug 10 2025 00:33:22 GMT+0530 (India Standard Time)
[debug] [2025-08-09T19:03:22.102Z] ----------------------------------------------------------------------
[debug] 
[debug] [2025-08-09T19:03:22.112Z] > command requires scopes: ["email","openid","https://www.googleapis.com/auth/cloudplatformprojects.readonly","https://www.googleapis.com/auth/firebase","https://www.googleapis.com/auth/cloud-platform"]
[debug] [2025-08-09T19:03:22.113Z] > authorizing via signed-in user (bhavanavc5@gmail.com)
[info] 
     ######## #### ########  ######## ########     ###     ######  ########
     ##        ##  ##     ## ##       ##     ##  ##   ##  ##       ##
     ######    ##  ########  ######   ########  #########  ######  ######
     ##        ##  ##    ##  ##       ##     ## ##     ##       ## ##
     ##       #### ##     ## ######## ########  ##     ##  ######  ########

You're about to initialize a Firebase project in this directory:

  C:\Users\DELL\Desktop\xxx\backend

[info] 
=== Project Setup
[info] 
[info] First, let's associate this project directory with a Firebase project.
[info] You can create multiple project aliases by running firebase use --add, 
[info] but for now we'll just set up a default project.
[info] 
